<?xml version="1.0" encoding="UTF-8"?>
<testsuite name="AppTest" tests="4" skipped="0" failures="0" errors="0" timestamp="2016-02-08T18:54:49" hostname="epicodus-66.local" time="0.001">
  <properties/>
  <testcase name="isDivisibleByFifteen_ChecksIfNumberIsDivisibleByFifteen_true" classname="AppTest" time="0.001"/>
  <testcase name="isDivisibleByThree_ChecksIfNumberIsDivisibleByThree_true" classname="AppTest" time="0.0"/>
  <testcase name="isDivisibleByFive_ChecksIfNumberIsDivisibleByFive_true" classname="AppTest" time="0.0"/>
  <testcase name="isANewArray_countUpByOne_2" classname="AppTest" time="0.0"/>
  <system-out><![CDATA[]]></system-out>
  <system-err><![CDATA[]]></system-err>
</testsuite>
